<?xml version="1.0" encoding="UTF-8"?>
<!-- Generated by org.testng.reporters.JUnitReportReporter -->
<testsuite hostname="IND-AbhijitJ-Dell3410" failures="0" tests="32" name="CTT_Demo.natalie_Norm_SchemaCheck" time="648.113" errors="2" timestamp="2024-06-15T19:59:56 IST" skipped="0">
  <testcase classname="CTT_Demo.natalie_Norm_SchemaCheck" name="CTT_Login_Page_Displayed_And_Enters_Login_Details" time="9.345"/>
  <testcase classname="CTT_Demo.natalie_Norm_SchemaCheck" name="Verify_Login_Person_Name" time="1.093"/>
  <testcase classname="CTT_Demo.natalie_Norm_SchemaCheck" name="open_Assigne_node" time="6.745"/>
  <testcase classname="CTT_Demo.natalie_Norm_SchemaCheck" name="Verify_The_SKu_Schema_Page_open_Or_Not" time="12.777"/>
  <testcase classname="CTT_Demo.natalie_Norm_SchemaCheck" name="Verify_The_Double_Space_in_Attribute_Name" time="13.816"/>
  <testcase classname="CTT_Demo.natalie_Norm_SchemaCheck" name="Verify_The_Double_Space_in_LOV_Values" time="16.967"/>
  <testcase classname="CTT_Demo.natalie_Norm_SchemaCheck" name="Verify_The_Trailing_OR_Leading_Space_in_Attribute_Name" time="16.913"/>
  <testcase classname="CTT_Demo.natalie_Norm_SchemaCheck" name="Verify_The_Trailing_OR_Leading_Space_in_Lov_Values" time="17.039"/>
  <testcase classname="CTT_Demo.natalie_Norm_SchemaCheck" name="Verify_The_Characters_in_Attribute_Name_regx" time="18.000"/>
  <testcase classname="CTT_Demo.natalie_Norm_SchemaCheck" name="Verify_The_Title_Case_Check_in_Attribute_Name" time="16.948"/>
  <testcase classname="CTT_Demo.natalie_Norm_SchemaCheck" name="Verify_The_Title_Case_Check_in_LOV_Values" time="17.134"/>
  <testcase classname="CTT_Demo.natalie_Norm_SchemaCheck" name="Verify_The_Unwanted_Capitalization_in_Attribute_Names" time="17.068"/>
  <testcase classname="CTT_Demo.natalie_Norm_SchemaCheck" name="Verify_The_Unwanted_Capitalization_in_LOV_Values" time="16.989"/>
  <testcase classname="CTT_Demo.natalie_Norm_SchemaCheck" name="Verify_The_Sample_Values_and_LOV_Contradictions" time="18.258"/>
  <testcase classname="CTT_Demo.natalie_Norm_SchemaCheck" name="Verify_The_SampleValues_and_UOM_Delimiter_Check_Lovs_as_well" time="19.457"/>
  <testcase classname="CTT_Demo.natalie_Norm_SchemaCheck" name="Verify_The_Three_Sample_Values" time="19.229"/>
  <testcase classname="CTT_Demo.natalie_Norm_SchemaCheck" name="Verify_The_Duplicate_priority_First_Priority_set" time="20.562"/>
  <testcase classname="CTT_Demo.natalie_Norm_SchemaCheck" name="Verify_The_Duplicate_priority_SecondPriority_Set" time="20.486"/>
  <testcase classname="CTT_Demo.natalie_Norm_SchemaCheck" name="Verify_The_Missing_Priority" time="20.260"/>
  <testcase classname="CTT_Demo.natalie_Norm_SchemaCheck" name="Verify_The_Attribute_Name_Hex_Check_Set_firstATTName" time="20.030"/>
  <testcase classname="CTT_Demo.natalie_Norm_SchemaCheck" name="Verify_The_Attribute_Name_Hex_Check_Set_secondATTName" time="20.131"/>
  <testcase classname="CTT_Demo.natalie_Norm_SchemaCheck" name="Verify_The_Attribute_Name_Hex_Check_Set_FirstLOV" time="20.279"/>
  <testcase classname="CTT_Demo.natalie_Norm_SchemaCheck" name="Verify_The_Attribute_Name_Hex_Check_Set_secondLOV" time="20.315"/>
  <testcase classname="CTT_Demo.natalie_Norm_SchemaCheck" name="Verify_The_Definitions_without_Terminal_Punctuation" time="19.321"/>
  <testcase classname="CTT_Demo.natalie_Norm_SchemaCheck" name="Verify_The_Same_Definition_Different_Attribute_Name" time="19.281"/>
  <testcase classname="CTT_Demo.natalie_Norm_SchemaCheck" name="Verify_The_Sample_Values_Require_Leading_Zero" time="19.275"/>
  <testcase classname="CTT_Demo.natalie_Norm_SchemaCheck" name="Verify_The_Blank_Meta_Attribute_Check" time="18.971"/>
  <testcase classname="CTT_Demo.natalie_Norm_SchemaCheck" name="Verify_The_LOV_Datatype_Missing_LOV" time="89.283">
    <error message="Expected condition failed: waiting for element to be clickable: By.xpath: //option[contains(text(), &#039;LOV&#039;)] (tried for 50 second(s) with 500 milliseconds interval)
Build info: version: &#039;4.21.0&#039;, revision: &#039;79ed462ef4&#039;
System info: os.name: &#039;Windows 11&#039;, os.arch: &#039;amd64&#039;, os.version: &#039;10.0&#039;, java.version: &#039;17.0.11&#039;
Driver info: org.openqa.selenium.chrome.ChromeDriver
Capabilities {acceptInsecureCerts: false, browserName: chrome, browserVersion: 125.0.6422.142, chrome: {chromedriverVersion: 125.0.6422.141 (4b1e8393712..., userDataDir: C:\Users\ABHIJI~1.JAD\AppDa...}, fedcm:accounts: true, goog:chromeOptions: {debuggerAddress: localhost:55231}, networkConnectionEnabled: false, pageLoadStrategy: normal, platformName: windows, proxy: Proxy(), se:cdp: ws://localhost:55231/devtoo..., se:cdpVersion: 125.0.6422.142, setWindowRect: true, strictFileInteractability: false, timeouts: {implicit: 0, pageLoad: 300000, script: 30000}, unhandledPromptBehavior: dismiss and notify, webauthn:extension:credBlob: true, webauthn:extension:largeBlob: true, webauthn:extension:minPinLength: true, webauthn:extension:prf: true, webauthn:virtualAuthenticators: true}
Session ID: f64bfc7124036b37a4ee8efebc687cf8" type="org.openqa.selenium.TimeoutException">
      <![CDATA[org.openqa.selenium.TimeoutException: Expected condition failed: waiting for element to be clickable: By.xpath: //option[contains(text(), 'LOV')] (tried for 50 second(s) with 500 milliseconds interval)
Build info: version: '4.21.0', revision: '79ed462ef4'
System info: os.name: 'Windows 11', os.arch: 'amd64', os.version: '10.0', java.version: '17.0.11'
Driver info: org.openqa.selenium.chrome.ChromeDriver
Capabilities {acceptInsecureCerts: false, browserName: chrome, browserVersion: 125.0.6422.142, chrome: {chromedriverVersion: 125.0.6422.141 (4b1e8393712..., userDataDir: C:\Users\ABHIJI~1.JAD\AppDa...}, fedcm:accounts: true, goog:chromeOptions: {debuggerAddress: localhost:55231}, networkConnectionEnabled: false, pageLoadStrategy: normal, platformName: windows, proxy: Proxy(), se:cdp: ws://localhost:55231/devtoo..., se:cdpVersion: 125.0.6422.142, setWindowRect: true, strictFileInteractability: false, timeouts: {implicit: 0, pageLoad: 300000, script: 30000}, unhandledPromptBehavior: dismiss and notify, webauthn:extension:credBlob: true, webauthn:extension:largeBlob: true, webauthn:extension:minPinLength: true, webauthn:extension:prf: true, webauthn:virtualAuthenticators: true}
Session ID: f64bfc7124036b37a4ee8efebc687cf8
at org.openqa.selenium.support.ui.WebDriverWait.timeoutException(WebDriverWait.java:84)
at org.openqa.selenium.support.ui.FluentWait.until(FluentWait.java:228)
at CTT_Demo.natalie_Norm_SchemaCheck.Verify_The_LOV_Datatype_Missing_LOV(natalie_Norm_SchemaCheck.java:1968)
at java.base/jdk.internal.reflect.NativeMethodAccessorImpl.invoke0(Native Method)
at java.base/jdk.internal.reflect.NativeMethodAccessorImpl.invoke(NativeMethodAccessorImpl.java:77)
at java.base/jdk.internal.reflect.DelegatingMethodAccessorImpl.invoke(DelegatingMethodAccessorImpl.java:43)
at java.base/java.lang.reflect.Method.invoke(Method.java:568)
at org.testng.internal.invokers.MethodInvocationHelper.invokeMethod(MethodInvocationHelper.java:141)
at org.testng.internal.invokers.TestInvoker.invokeMethod(TestInvoker.java:686)
at org.testng.internal.invokers.TestInvoker.invokeTestMethod(TestInvoker.java:230)
at org.testng.internal.invokers.MethodRunner.runInSequence(MethodRunner.java:63)
at org.testng.internal.invokers.TestInvoker$MethodInvocationAgent.invoke(TestInvoker.java:992)
at org.testng.internal.invokers.TestInvoker.invokeTestMethods(TestInvoker.java:203)
at org.testng.internal.invokers.TestMethodWorker.invokeTestMethods(TestMethodWorker.java:154)
at org.testng.internal.invokers.TestMethodWorker.run(TestMethodWorker.java:134)
at java.base/java.util.ArrayList.forEach(ArrayList.java:1511)
at org.testng.TestRunner.privateRun(TestRunner.java:739)
at org.testng.TestRunner.run(TestRunner.java:614)
at org.testng.SuiteRunner.runTest(SuiteRunner.java:421)
at org.testng.SuiteRunner.runSequentially(SuiteRunner.java:413)
at org.testng.SuiteRunner.privateRun(SuiteRunner.java:373)
at org.testng.SuiteRunner.run(SuiteRunner.java:312)
at org.testng.SuiteRunnerWorker.runSuite(SuiteRunnerWorker.java:52)
at org.testng.SuiteRunnerWorker.run(SuiteRunnerWorker.java:95)
at org.testng.TestNG.runSuitesSequentially(TestNG.java:1274)
at org.testng.TestNG.runSuitesLocally(TestNG.java:1208)
at org.testng.TestNG.runSuites(TestNG.java:1112)
at org.testng.TestNG.run(TestNG.java:1079)
at org.testng.remote.AbstractRemoteTestNG.run(AbstractRemoteTestNG.java:115)
at org.testng.remote.RemoteTestNG.initAndRun(RemoteTestNG.java:293)
at org.testng.remote.RemoteTestNG.main(RemoteTestNG.java:91)
]]>
    </error>
  </testcase> <!-- Verify_The_LOV_Datatype_Missing_LOV -->
  <testcase classname="CTT_Demo.natalie_Norm_SchemaCheck" name="Verify_The_DataType_Number_with_Text_Sample_Values" time="23.613"/>
  <testcase classname="CTT_Demo.natalie_Norm_SchemaCheck" name="Verify_The_DataType_Text_with_Numeric_Sample_Values" time="24.204"/>
  <testcase classname="CTT_Demo.natalie_Norm_SchemaCheck" name="Verify_The_Missing_UOM" time="25.373"/>
  <testcase classname="CTT_Demo.natalie_Norm_SchemaCheck" name="Verify_The_LOV_Usage_Check" time="28.951">
    <error message="element click intercepted: Element &lt;iframe src=&quot;https://development.d2jtviu3xocgk6.amplifyapp.com/visio.html?load=Node_NewProjectTset_1.1_Switches_2.0&amp;amp;ID=d0ea2ff8-9aac-5597-c71c-61dac89e300a&amp;amp;AU=d089df58-4e3d-4567-8d1f-e77ef674b736&amp;amp;USERID=d089df58-4e3d-4567-8d1f-e77ef674b736&amp;amp;OPId=699&amp;amp;History=undefined&amp;amp;role=ProjectLead&amp;amp;EMAIL=aarushp123098@gmail.com&amp;amp;assignedTo=aarushp123098@gmail.com&quot; id=&quot;iframeD3&quot; title=&quot;Natalie Viz tool&quot; style=&quot;height: inherit; width: inherit; border: none;&quot; cd_frame_id_=&quot;88fee44d79ec535ccce20b1653609f54&quot;&gt;&lt;/iframe&gt; is not clickable at point (668, 47). Other element would receive the click: &lt;button class=&quot;MuiButtonBase-root MuiButton-root MuiButton-text MuiButton-textPrimary MuiButton-sizeMedium MuiButton-textSizeMedium MuiButton-colorPrimary MuiButton-root MuiButton-text MuiButton-textPrimary MuiButton-sizeMedium MuiButton-textSizeMedium MuiButton-colorPrimary css-1a3o5vh&quot; tabindex=&quot;0&quot; type=&quot;button&quot; style=&quot;margin: 0px; padding: 0px;&quot;&gt;...&lt;/button&gt;
  (Session info: chrome=125.0.6422.142)
Build info: version: &#039;4.21.0&#039;, revision: &#039;79ed462ef4&#039;
System info: os.name: &#039;Windows 11&#039;, os.arch: &#039;amd64&#039;, os.version: &#039;10.0&#039;, java.version: &#039;17.0.11&#039;
Driver info: org.openqa.selenium.chrome.ChromeDriver
Command: [f64bfc7124036b37a4ee8efebc687cf8, clickElement {id=f.7ADD7518CD48D50856026677D5044DCF.d.055E0EF2A5CEC332A392B596A8468BF3.e.102}]
Capabilities {acceptInsecureCerts: false, browserName: chrome, browserVersion: 125.0.6422.142, chrome: {chromedriverVersion: 125.0.6422.141 (4b1e8393712..., userDataDir: C:\Users\ABHIJI~1.JAD\AppDa...}, fedcm:accounts: true, goog:chromeOptions: {debuggerAddress: localhost:55231}, networkConnectionEnabled: false, pageLoadStrategy: normal, platformName: windows, proxy: Proxy(), se:cdp: ws://localhost:55231/devtoo..., se:cdpVersion: 125.0.6422.142, setWindowRect: true, strictFileInteractability: false, timeouts: {implicit: 0, pageLoad: 300000, script: 30000}, unhandledPromptBehavior: dismiss and notify, webauthn:extension:credBlob: true, webauthn:extension:largeBlob: true, webauthn:extension:minPinLength: true, webauthn:extension:prf: true, webauthn:virtualAuthenticators: true}
Element: [[ChromeDriver: chrome on windows (f64bfc7124036b37a4ee8efebc687cf8)] -&gt; xpath: //*[@id=&#039;infoPop&#039;]]
Session ID: f64bfc7124036b37a4ee8efebc687cf8" type="org.openqa.selenium.ElementClickInterceptedException">
      <![CDATA[org.openqa.selenium.ElementClickInterceptedException: element click intercepted: Element <iframe src="https://development.d2jtviu3xocgk6.amplifyapp.com/visio.html?load=Node_NewProjectTset_1.1_Switches_2.0&amp;ID=d0ea2ff8-9aac-5597-c71c-61dac89e300a&amp;AU=d089df58-4e3d-4567-8d1f-e77ef674b736&amp;USERID=d089df58-4e3d-4567-8d1f-e77ef674b736&amp;OPId=699&amp;History=undefined&amp;role=ProjectLead&amp;EMAIL=aarushp123098@gmail.com&amp;assignedTo=aarushp123098@gmail.com" id="iframeD3" title="Natalie Viz tool" style="height: inherit; width: inherit; border: none;" cd_frame_id_="88fee44d79ec535ccce20b1653609f54"></iframe> is not clickable at point (668, 47). Other element would receive the click: <button class="MuiButtonBase-root MuiButton-root MuiButton-text MuiButton-textPrimary MuiButton-sizeMedium MuiButton-textSizeMedium MuiButton-colorPrimary MuiButton-root MuiButton-text MuiButton-textPrimary MuiButton-sizeMedium MuiButton-textSizeMedium MuiButton-colorPrimary css-1a3o5vh" tabindex="0" type="button" style="margin: 0px; padding: 0px;">...</button>
  (Session info: chrome=125.0.6422.142)
Build info: version: '4.21.0', revision: '79ed462ef4'
System info: os.name: 'Windows 11', os.arch: 'amd64', os.version: '10.0', java.version: '17.0.11'
Driver info: org.openqa.selenium.chrome.ChromeDriver
Command: [f64bfc7124036b37a4ee8efebc687cf8, clickElement {id=f.7ADD7518CD48D50856026677D5044DCF.d.055E0EF2A5CEC332A392B596A8468BF3.e.102}]
Capabilities {acceptInsecureCerts: false, browserName: chrome, browserVersion: 125.0.6422.142, chrome: {chromedriverVersion: 125.0.6422.141 (4b1e8393712..., userDataDir: C:\Users\ABHIJI~1.JAD\AppDa...}, fedcm:accounts: true, goog:chromeOptions: {debuggerAddress: localhost:55231}, networkConnectionEnabled: false, pageLoadStrategy: normal, platformName: windows, proxy: Proxy(), se:cdp: ws://localhost:55231/devtoo..., se:cdpVersion: 125.0.6422.142, setWindowRect: true, strictFileInteractability: false, timeouts: {implicit: 0, pageLoad: 300000, script: 30000}, unhandledPromptBehavior: dismiss and notify, webauthn:extension:credBlob: true, webauthn:extension:largeBlob: true, webauthn:extension:minPinLength: true, webauthn:extension:prf: true, webauthn:virtualAuthenticators: true}
Element: [[ChromeDriver: chrome on windows (f64bfc7124036b37a4ee8efebc687cf8)] -> xpath: //*[@id='infoPop']]
Session ID: f64bfc7124036b37a4ee8efebc687cf8
at java.base/jdk.internal.reflect.NativeConstructorAccessorImpl.newInstance0(Native Method)
at java.base/jdk.internal.reflect.NativeConstructorAccessorImpl.newInstance(NativeConstructorAccessorImpl.java:77)
at java.base/jdk.internal.reflect.DelegatingConstructorAccessorImpl.newInstance(DelegatingConstructorAccessorImpl.java:45)
at java.base/java.lang.reflect.Constructor.newInstanceWithCaller(Constructor.java:499)
at java.base/java.lang.reflect.Constructor.newInstance(Constructor.java:480)
at org.openqa.selenium.remote.ErrorCodec.decode(ErrorCodec.java:167)
at org.openqa.selenium.remote.codec.w3c.W3CHttpResponseCodec.decode(W3CHttpResponseCodec.java:138)
at org.openqa.selenium.remote.codec.w3c.W3CHttpResponseCodec.decode(W3CHttpResponseCodec.java:50)
at org.openqa.selenium.remote.HttpCommandExecutor.execute(HttpCommandExecutor.java:190)
at org.openqa.selenium.remote.service.DriverCommandExecutor.invokeExecute(DriverCommandExecutor.java:216)
at org.openqa.selenium.remote.service.DriverCommandExecutor.execute(DriverCommandExecutor.java:174)
at org.openqa.selenium.remote.RemoteWebDriver.execute(RemoteWebDriver.java:518)
at org.openqa.selenium.remote.RemoteWebElement.execute(RemoteWebElement.java:223)
at org.openqa.selenium.remote.RemoteWebElement.click(RemoteWebElement.java:76)
at CTT_Demo.natalie_Norm_SchemaCheck.Verify_The_LOV_Usage_Check(natalie_Norm_SchemaCheck.java:2413)
at java.base/jdk.internal.reflect.NativeMethodAccessorImpl.invoke0(Native Method)
at java.base/jdk.internal.reflect.NativeMethodAccessorImpl.invoke(NativeMethodAccessorImpl.java:77)
at java.base/jdk.internal.reflect.DelegatingMethodAccessorImpl.invoke(DelegatingMethodAccessorImpl.java:43)
at java.base/java.lang.reflect.Method.invoke(Method.java:568)
at org.testng.internal.invokers.MethodInvocationHelper.invokeMethod(MethodInvocationHelper.java:141)
at org.testng.internal.invokers.TestInvoker.invokeMethod(TestInvoker.java:686)
at org.testng.internal.invokers.TestInvoker.invokeTestMethod(TestInvoker.java:230)
at org.testng.internal.invokers.MethodRunner.runInSequence(MethodRunner.java:63)
at org.testng.internal.invokers.TestInvoker$MethodInvocationAgent.invoke(TestInvoker.java:992)
at org.testng.internal.invokers.TestInvoker.invokeTestMethods(TestInvoker.java:203)
at org.testng.internal.invokers.TestMethodWorker.invokeTestMethods(TestMethodWorker.java:154)
at org.testng.internal.invokers.TestMethodWorker.run(TestMethodWorker.java:134)
at java.base/java.util.ArrayList.forEach(ArrayList.java:1511)
at org.testng.TestRunner.privateRun(TestRunner.java:739)
at org.testng.TestRunner.run(TestRunner.java:614)
at org.testng.SuiteRunner.runTest(SuiteRunner.java:421)
at org.testng.SuiteRunner.runSequentially(SuiteRunner.java:413)
at org.testng.SuiteRunner.privateRun(SuiteRunner.java:373)
at org.testng.SuiteRunner.run(SuiteRunner.java:312)
at org.testng.SuiteRunnerWorker.runSuite(SuiteRunnerWorker.java:52)
at org.testng.SuiteRunnerWorker.run(SuiteRunnerWorker.java:95)
at org.testng.TestNG.runSuitesSequentially(TestNG.java:1274)
at org.testng.TestNG.runSuitesLocally(TestNG.java:1208)
at org.testng.TestNG.runSuites(TestNG.java:1112)
at org.testng.TestNG.run(TestNG.java:1079)
at org.testng.remote.AbstractRemoteTestNG.run(AbstractRemoteTestNG.java:115)
at org.testng.remote.RemoteTestNG.initAndRun(RemoteTestNG.java:293)
at org.testng.remote.RemoteTestNG.main(RemoteTestNG.java:91)
]]>
    </error>
  </testcase> <!-- Verify_The_LOV_Usage_Check -->
</testsuite> <!-- CTT_Demo.natalie_Norm_SchemaCheck -->
