<?xml version="1.0" encoding="UTF-8"?>
<!-- Generated by org.testng.reporters.JUnitReportReporter -->
<testsuite hostname="IND-AbhijitJ-Dell3410" failures="0" tests="9" name="CTT_Demo.diveCall_AWR_Database" time="1.692" errors="1" timestamp="2024-05-23T11:09:02 IST" skipped="8">
  <testcase classname="CTT_Demo.diveCall_AWR_Database" name="appLaunch" time="1.692">
    <error message="Could not start a new session. Response code 500. Message: session not created: This version of ChromeDriver only supports Chrome version 123
Current browser version is 125.0.6422.76 with binary path C:\Program Files\Google\Chrome\Application\chrome.exe 
Host info: host: &#039;IND-ABHIJITJ-DE&#039;, ip: &#039;192.168.43.40&#039;
Build info: version: &#039;4.18.1&#039;, revision: &#039;b1d3319b48&#039;
System info: os.name: &#039;Windows 11&#039;, os.arch: &#039;amd64&#039;, os.version: &#039;10.0&#039;, java.version: &#039;17.0.10&#039;
Driver info: org.openqa.selenium.chrome.ChromeDriver
Command: [null, newSession {capabilities=[Capabilities {browserName: chrome, goog:chromeOptions: {args: [--remote-allow-origins=*], extensions: []}}]}]" type="org.openqa.selenium.SessionNotCreatedException">
      <![CDATA[org.openqa.selenium.SessionNotCreatedException: Could not start a new session. Response code 500. Message: session not created: This version of ChromeDriver only supports Chrome version 123
Current browser version is 125.0.6422.76 with binary path C:\Program Files\Google\Chrome\Application\chrome.exe 
Host info: host: 'IND-ABHIJITJ-DE', ip: '192.168.43.40'
Build info: version: '4.18.1', revision: 'b1d3319b48'
System info: os.name: 'Windows 11', os.arch: 'amd64', os.version: '10.0', java.version: '17.0.10'
Driver info: org.openqa.selenium.chrome.ChromeDriver
Command: [null, newSession {capabilities=[Capabilities {browserName: chrome, goog:chromeOptions: {args: [--remote-allow-origins=*], extensions: []}}]}]
at org.openqa.selenium.remote.ProtocolHandshake.createSession(ProtocolHandshake.java:139)
at org.openqa.selenium.remote.ProtocolHandshake.createSession(ProtocolHandshake.java:95)
at org.openqa.selenium.remote.ProtocolHandshake.createSession(ProtocolHandshake.java:67)
at org.openqa.selenium.remote.HttpCommandExecutor.execute(HttpCommandExecutor.java:162)
at org.openqa.selenium.remote.service.DriverCommandExecutor.invokeExecute(DriverCommandExecutor.java:216)
at org.openqa.selenium.remote.service.DriverCommandExecutor.execute(DriverCommandExecutor.java:174)
at org.openqa.selenium.remote.RemoteWebDriver.execute(RemoteWebDriver.java:519)
at org.openqa.selenium.remote.RemoteWebDriver.startSession(RemoteWebDriver.java:233)
at org.openqa.selenium.remote.RemoteWebDriver.<init>(RemoteWebDriver.java:162)
at org.openqa.selenium.chromium.ChromiumDriver.<init>(ChromiumDriver.java:114)
at org.openqa.selenium.chrome.ChromeDriver.<init>(ChromeDriver.java:89)
at org.openqa.selenium.chrome.ChromeDriver.<init>(ChromeDriver.java:84)
at org.openqa.selenium.chrome.ChromeDriver.<init>(ChromeDriver.java:73)
at CTT_Demo.diveCall_AWR_Database.appLaunch(diveCall_AWR_Database.java:43)
at java.base/jdk.internal.reflect.NativeMethodAccessorImpl.invoke0(Native Method)
at java.base/jdk.internal.reflect.NativeMethodAccessorImpl.invoke(NativeMethodAccessorImpl.java:77)
at java.base/jdk.internal.reflect.DelegatingMethodAccessorImpl.invoke(DelegatingMethodAccessorImpl.java:43)
at java.base/java.lang.reflect.Method.invoke(Method.java:568)
at org.testng.internal.MethodInvocationHelper.invokeMethod(MethodInvocationHelper.java:133)
at org.testng.internal.MethodInvocationHelper.invokeMethodConsideringTimeout(MethodInvocationHelper.java:62)
at org.testng.internal.ConfigInvoker.invokeConfigurationMethod(ConfigInvoker.java:385)
at org.testng.internal.ConfigInvoker.invokeConfigurations(ConfigInvoker.java:321)
at org.testng.SuiteRunner.privateRun(SuiteRunner.java:317)
at org.testng.SuiteRunner.run(SuiteRunner.java:276)
at org.testng.SuiteRunnerWorker.runSuite(SuiteRunnerWorker.java:53)
at org.testng.SuiteRunnerWorker.run(SuiteRunnerWorker.java:96)
at org.testng.TestNG.runSuitesSequentially(TestNG.java:1212)
at org.testng.TestNG.runSuitesLocally(TestNG.java:1134)
at org.testng.TestNG.runSuites(TestNG.java:1063)
at org.testng.TestNG.run(TestNG.java:1031)
at org.testng.remote.AbstractRemoteTestNG.run(AbstractRemoteTestNG.java:115)
at org.testng.remote.RemoteTestNG.initAndRun(RemoteTestNG.java:251)
at org.testng.remote.RemoteTestNG.main(RemoteTestNG.java:77)
]]>
    </error>
  </testcase> <!-- appLaunch -->
  <system-out/>
  <testcase classname="CTT_Demo.diveCall_AWR_Database" name="CTT_Login_Page_Displayed_And_Enters_Login_Details" time="0.000">
    <skipped/>
  </testcase> <!-- CTT_Login_Page_Displayed_And_Enters_Login_Details -->
  <system-out/>
  <testcase classname="CTT_Demo.diveCall_AWR_Database" name="Verify_Login_Person_Name" time="0.000">
    <skipped/>
  </testcase> <!-- Verify_Login_Person_Name -->
  <system-out/>
  <testcase classname="CTT_Demo.diveCall_AWR_Database" name="Open_Specific_Project" time="0.000">
    <skipped/>
  </testcase> <!-- Open_Specific_Project -->
  <system-out/>
  <testcase classname="CTT_Demo.diveCall_AWR_Database" name="To_Verify_that_Data_Not_Available_In_AWR_Database" time="0.000">
    <skipped/>
  </testcase> <!-- To_Verify_that_Data_Not_Available_In_AWR_Database -->
  <system-out/>
  <testcase classname="CTT_Demo.diveCall_AWR_Database" name="Verify_Through_AWR" time="0.000">
    <skipped/>
  </testcase> <!-- Verify_Through_AWR -->
  <system-out/>
  <testcase classname="CTT_Demo.diveCall_AWR_Database" name="To_Verify_that_reintegrate_additional_data_from_AWR_to_the_AGGrid_table" time="0.000">
    <skipped/>
  </testcase> <!-- To_Verify_that_reintegrate_additional_data_from_AWR_to_the_AGGrid_table -->
  <system-out/>
  <testcase classname="CTT_Demo.diveCall_AWR_Database" name="Verify_Through_the_database" time="0.000">
    <skipped/>
  </testcase> <!-- Verify_Through_the_database -->
  <system-out/>
  <testcase classname="CTT_Demo.diveCall_AWR_Database" name="To_Verify_that_reintegrate_additional_data_from_database_to_the_AGGrid_table" time="0.000">
    <skipped/>
  </testcase> <!-- To_Verify_that_reintegrate_additional_data_from_database_to_the_AGGrid_table -->
  <system-out/>
</testsuite> <!-- CTT_Demo.diveCall_AWR_Database -->
